<?xml version="1.0" encoding="UTF-8"?>
<testsuite xmlns:xsi="http://www.w3.org/2001/XMLSchema-instance" xsi:noNamespaceSchemaLocation="https://maven.apache.org/surefire/maven-surefire-plugin/xsd/surefire-test-report.xsd" version="3.0.2" name="hellocucumber.RunCucumberTest" time="0.179" tests="2" errors="0" skipped="0" failures="0">
  <properties>
[...]
</properties>
  <testcase name="An example - The example" classname="An example" time="0.058">
    <system-out><![CDATA[
Scenario: The example                       &amp#27;[90m# hellocucumber/example.feature:3&amp#27;[0m
  &amp#27;[32mGiven &amp#27;[0m&amp#27;[32man example scenario&amp#27;[0m                 &amp#27;[90m# hellocucumber.StepDefinitions.anExampleScenario()&amp#27;[0m
  &amp#27;[32mWhen &amp#27;[0m&amp#27;[32mall step definitions are implemented&amp#27;[0m &amp#27;[90m# hellocucumber.StepDefinitions.allStepDefinitionsAreImplemented()&amp#27;[0m
  &amp#27;[32mThen &amp#27;[0m&amp#27;[32mthe scenario passes&amp#27;[0m                  &amp#27;[90m# hellocucumber.StepDefinitions.theScenarioPasses()&amp#27;[0m
]]></system-out>
  </testcase>
  <testcase name="Is it Friday yet? - Sunday isn&apos;t Friday # will not execute this line, because of the tag" classname="Is it Friday yet?" time="0.047">
    <system-out><![CDATA[
Scenario: Sunday isn't Friday # will not execute this line, because of the tag &amp#27;[90m# hellocucumber/is_it_friday_yet.feature:4&amp#27;[0m
today is Sunday
  &amp#27;[32mGiven &amp#27;[0m&amp#27;[32mtoday is Sunday&amp#27;[0m                                                        &amp#27;[90m# hellocucumber.StepDefinition.todayIsSunday()&amp#27;[0m
I ask whether it's Friday yet. the answer is Nope
  &amp#27;[32mWhen &amp#27;[0m&amp#27;[32mI ask whether it's Friday yet&amp#27;[0m                                           &amp#27;[90m# hellocucumber.StepDefinition.iAskWhetherItSFridayYet()&amp#27;[0m
I should be told Nope
  &amp#27;[32mThen &amp#27;[0m&amp#27;[32mI should be told &amp#27;[0m&amp#27;[32m&amp#27;[1m"Nope"&amp#27;[0m                                                 &amp#27;[90m# hellocucumber.StepDefinition.iShouldBeTold(java.lang.String)&amp#27;[0m
]]></system-out>
  </testcase>
</testsuite>